ERROR - 2023-06-11 03:59:06 --> Error connecting to the database: mysqli_sql_exception: No connection could be made because the target machine actively refused it in C:\Xampp\htdocs\PWL\tweetclone\system\Database\MySQLi\Connection.php:174
Stack trace:
#0 C:\Xampp\htdocs\PWL\tweetclone\system\Database\MySQLi\Connection.php(174): mysqli->real_connect('localhost', 'root', '', 'tweetclone', 3306, '', 0)
#1 C:\Xampp\htdocs\PWL\tweetclone\system\Database\BaseConnection.php(391): CodeIgniter\Database\MySQLi\Connection->connect(false)
#2 C:\Xampp\htdocs\PWL\tweetclone\system\Database\BaseConnection.php(574): CodeIgniter\Database\BaseConnection->initialize()
#3 C:\Xampp\htdocs\PWL\tweetclone\system\Database\BaseConnection.php(1409): CodeIgniter\Database\BaseConnection->query('SHOW TABLES FRO...')
#4 C:\Xampp\htdocs\PWL\tweetclone\system\Database\BaseConnection.php(1428): CodeIgniter\Database\BaseConnection->listTables()
#5 C:\Xampp\htdocs\PWL\tweetclone\system\Database\MigrationRunner.php(768): CodeIgniter\Database\BaseConnection->tableExists('migrations')
#6 C:\Xampp\htdocs\PWL\tweetclone\system\Database\MigrationRunner.php(168): CodeIgniter\Database\MigrationRunner->ensureTable()
#7 C:\Xampp\htdocs\PWL\tweetclone\system\Commands\Database\Migrate.php(84): CodeIgniter\Database\MigrationRunner->latest(NULL)
#8 C:\Xampp\htdocs\PWL\tweetclone\system\CLI\Commands.php(65): CodeIgniter\Commands\Database\Migrate->run(Array)
#9 C:\Xampp\htdocs\PWL\tweetclone\system\CLI\Console.php(37): CodeIgniter\CLI\Commands->run('migrate', Array)
#10 C:\Xampp\htdocs\PWL\tweetclone\spark(97): CodeIgniter\CLI\Console->run()
#11 {main}

Next CodeIgniter\Database\Exceptions\DatabaseException: No connection could be made because the target machine actively refused it in C:\Xampp\htdocs\PWL\tweetclone\system\Database\MySQLi\Connection.php:218
Stack trace:
#0 C:\Xampp\htdocs\PWL\tweetclone\system\Database\BaseConnection.php(391): CodeIgniter\Database\MySQLi\Connection->connect(false)
#1 C:\Xampp\htdocs\PWL\tweetclone\system\Database\BaseConnection.php(574): CodeIgniter\Database\BaseConnection->initialize()
#2 C:\Xampp\htdocs\PWL\tweetclone\system\Database\BaseConnection.php(1409): CodeIgniter\Database\BaseConnection->query('SHOW TABLES FRO...')
#3 C:\Xampp\htdocs\PWL\tweetclone\system\Database\BaseConnection.php(1428): CodeIgniter\Database\BaseConnection->listTables()
#4 C:\Xampp\htdocs\PWL\tweetclone\system\Database\MigrationRunner.php(768): CodeIgniter\Database\BaseConnection->tableExists('migrations')
#5 C:\Xampp\htdocs\PWL\tweetclone\system\Database\MigrationRunner.php(168): CodeIgniter\Database\MigrationRunner->ensureTable()
#6 C:\Xampp\htdocs\PWL\tweetclone\system\Commands\Database\Migrate.php(84): CodeIgniter\Database\MigrationRunner->latest(NULL)
#7 C:\Xampp\htdocs\PWL\tweetclone\system\CLI\Commands.php(65): CodeIgniter\Commands\Database\Migrate->run(Array)
#8 C:\Xampp\htdocs\PWL\tweetclone\system\CLI\Console.php(37): CodeIgniter\CLI\Commands->run('migrate', Array)
#9 C:\Xampp\htdocs\PWL\tweetclone\spark(97): CodeIgniter\CLI\Console->run()
#10 {main}
INFO - 2023-06-11 04:03:31 --> Session: Class initialized using 'CodeIgniter\Session\Handlers\FileHandler' driver.
